
time=2023-09-05T21:11:01.776-07:00 level=INFO msg="GetUltrasounds(): Called"
time=2023-09-05T21:11:01.776-07:00 level=INFO msg="GetFiles(): Walking filedir - request path = /api/v1/public/ultrasounds/, directory = /home/delane/Pictures/Test/public/prebirth/ultrasounds/"
time=2023-09-05T21:11:01.776-07:00 level=INFO msg="GetFiles->walkFunc(): file extention Selection_002.png MATCH with ext PNG. Adding image to array"
time=2023-09-05T21:11:01.776-07:00 level=INFO msg="GetFiles->walkFunc(): file extention Selection_003.png MATCH with ext PNG. Adding image to array"
time=2023-09-05T21:12:54.569-07:00 level=INFO msg="GetUltrasounds(): Called"
time=2023-09-05T21:12:54.569-07:00 level=INFO msg="GetFiles(): Walking filedir - request path = /api/v1/public/ultrasounds/, directory = /home/delane/Pictures/Test/public/prebirth/ultrasounds/"
time=2023-09-05T21:12:54.569-07:00 level=INFO msg="GetFiles->walkFunc(): file extention Selection_002.png MATCH with ext PNG. Adding image to array"
time=2023-09-05T21:12:54.569-07:00 level=INFO msg="GetFiles->walkFunc(): file extention Selection_003.png MATCH with ext PNG. Adding image to array"
time=2023-09-05T21:13:41.195-07:00 level=INFO msg="GetUltrasounds(): Called"
time=2023-09-05T21:13:41.195-07:00 level=INFO msg="GetFiles(): Walking filedir - request path = /api/v1/public/ultrasounds/, directory = /home/delane/Pictures/Test/public/prebirth/ultrasounds/"
time=2023-09-05T21:13:41.195-07:00 level=INFO msg="GetFiles->walkFunc(): file extention Selection_002.png MATCH with ext PNG. Adding image to array"
time=2023-09-05T21:13:41.195-07:00 level=INFO msg="GetFiles->walkFunc(): file extention Selection_003.png MATCH with ext PNG. Adding image to array"
time=2023-09-05T21:14:11.413-07:00 level=INFO msg="GetUltrasounds(): Called"
time=2023-09-05T21:14:11.413-07:00 level=INFO msg="GetFiles(): Walking filedir - request path = /api/v1/public/ultrasounds/, directory = /home/delane/Pictures/Test/public/prebirth/ultrasounds/"
time=2023-09-05T21:14:11.413-07:00 level=INFO msg="GetFiles->walkFunc(): file extention Selection_002.png MATCH with ext PNG. Adding image to array"
time=2023-09-05T21:14:11.413-07:00 level=INFO msg="GetFiles->walkFunc(): file extention Selection_003.png MATCH with ext PNG. Adding image to array"
time=2023-09-07T06:43:15.551-07:00 level=INFO msg="-------------------- STARTING --------------------"
time=2023-09-07T06:44:38.971-07:00 level=INFO msg="GetUltrasounds(): Called"
time=2023-09-07T06:44:38.972-07:00 level=INFO msg="GetFiles(): CALLED..."
time=2023-09-07T06:44:38.972-07:00 level=INFO msg="GetFiles(): Walking filedir - request path = /api/v1/public/ultrasounds/, directory = /home/delane/Pictures/Test/public/prebirth/ultrasounds/"
time=2023-09-07T06:44:38.972-07:00 level=DEBUG msg="GetFiles->walkFunc(): Path set to /home/delane/Pictures/Test/public/prebirth/ultrasounds/ and Entry set to ultrasounds"
time=2023-09-07T06:44:38.972-07:00 level=DEBUG msg="GetFiles->walkFunc(): Directory ultrasounds is valid"
time=2023-09-07T06:44:38.972-07:00 level=DEBUG msg="GetFiles->walkFunc(): Path set to /home/delane/Pictures/Test/public/prebirth/ultrasounds/Selection_002.png and Entry set to Selection_002.png"
time=2023-09-07T06:44:38.972-07:00 level=DEBUG msg="GetFiles->walkFunc(): Performing case-incensitive check on the files extention"
time=2023-09-07T06:44:38.972-07:00 level=DEBUG msg="GetFiles->walkFunc(): file_name = Selection_002.png, file_ext = PNG, ext_checked = JPEG"
time=2023-09-07T06:44:38.972-07:00 level=DEBUG msg="GetFiles->walkFunc(): file_name = Selection_002.png, file_ext = PNG, ext_checked = JPG"
time=2023-09-07T06:44:38.972-07:00 level=DEBUG msg="GetFiles->walkFunc(): file_name = Selection_002.png, file_ext = PNG, ext_checked = PNG"
time=2023-09-07T06:44:38.972-07:00 level=INFO msg="GetFiles->walkFunc(): file extention Selection_002.png MATCH with ext PNG. Adding image to array"
time=2023-09-07T06:44:38.972-07:00 level=DEBUG msg="GetFiles->walkFunc(): Path set to /home/delane/Pictures/Test/public/prebirth/ultrasounds/Selection_003.png and Entry set to Selection_003.png"
time=2023-09-07T06:44:38.972-07:00 level=DEBUG msg="GetFiles->walkFunc(): Performing case-incensitive check on the files extention"
time=2023-09-07T06:44:38.972-07:00 level=DEBUG msg="GetFiles->walkFunc(): file_name = Selection_003.png, file_ext = PNG, ext_checked = JPEG"
time=2023-09-07T06:44:38.972-07:00 level=DEBUG msg="GetFiles->walkFunc(): file_name = Selection_003.png, file_ext = PNG, ext_checked = JPG"
time=2023-09-07T06:44:38.972-07:00 level=DEBUG msg="GetFiles->walkFunc(): file_name = Selection_003.png, file_ext = PNG, ext_checked = PNG"
time=2023-09-07T06:44:38.972-07:00 level=INFO msg="GetFiles->walkFunc(): file extention Selection_003.png MATCH with ext PNG. Adding image to array"
time=2023-09-07T06:44:38.972-07:00 level=DEBUG msg="GetFiles->walkFunc(): Path set to /home/delane/Pictures/Test/public/prebirth/ultrasounds/dontlook and Entry set to dontlook"
time=2023-09-07T06:44:38.972-07:00 level=DEBUG msg="GetFiles->walkFunc(): Directory dontlook is valid"
time=2023-09-07T06:44:38.972-07:00 level=DEBUG msg="GetFiles->walkFunc(): Path set to /home/delane/Pictures/Test/public/prebirth/ultrasounds/dontlook/DepthOfField.png and Entry set to DepthOfField.png"
time=2023-09-07T06:44:38.972-07:00 level=DEBUG msg="GetFiles->walkFunc(): Performing case-incensitive check on the files extention"
time=2023-09-07T06:44:38.972-07:00 level=DEBUG msg="GetFiles->walkFunc(): file_name = DepthOfField.png, file_ext = PNG, ext_checked = JPEG"
time=2023-09-07T06:44:38.972-07:00 level=DEBUG msg="GetFiles->walkFunc(): file_name = DepthOfField.png, file_ext = PNG, ext_checked = JPG"
time=2023-09-07T06:44:38.972-07:00 level=DEBUG msg="GetFiles->walkFunc(): file_name = DepthOfField.png, file_ext = PNG, ext_checked = PNG"
time=2023-09-07T06:44:38.972-07:00 level=INFO msg="GetFiles->walkFunc(): file extention DepthOfField.png MATCH with ext PNG. Adding image to array"
time=2023-09-07T06:44:38.972-07:00 level=DEBUG msg="GetUltraSounds(): Files == [{http://localhost:1323/api/v1/public/ultrasounds/Selection_002.png Selection_002.png } {http://localhost:1323/api/v1/public/ultrasounds/Selection_003.png Selection_003.png } {http://localhost:1323/api/v1/public/ultrasounds/DepthOfField.png DepthOfField.png }]"
time=2023-09-07T06:44:39.245-07:00 level=INFO msg="GetUltrasoundImage(): Called"
time=2023-09-07T06:44:39.245-07:00 level=INFO msg="GetUltrasoundImage(): Checking image /home/delane/Pictures/Test/public/prebirth/ultrasounds/DepthOfField.png"
time=2023-09-07T06:44:39.245-07:00 level=WARN msg="GetUltrasoundImage(): Image /home/delane/Pictures/Test/public/prebirth/ultrasounds/DepthOfField.png doesn't exist"
time=2023-09-07T06:46:54.225-07:00 level=INFO msg="GetUltrasounds(): Called"
time=2023-09-07T06:46:54.225-07:00 level=INFO msg="GetFiles(): CALLED..."
time=2023-09-07T06:46:54.225-07:00 level=INFO msg="GetFiles(): Walking filedir - request path = /api/v1/public/ultrasounds/, directory = /home/delane/Pictures/Test/public/prebirth/ultrasounds/"
time=2023-09-07T06:46:54.225-07:00 level=DEBUG msg="GetFiles->walkFunc(): Path set to /home/delane/Pictures/Test/public/prebirth/ultrasounds/ and Entry set to ultrasounds"
time=2023-09-07T06:46:54.225-07:00 level=DEBUG msg="GetFiles->walkFunc(): Directory ultrasounds is valid"
time=2023-09-07T06:46:54.225-07:00 level=DEBUG msg="GetFiles->walkFunc(): Path set to /home/delane/Pictures/Test/public/prebirth/ultrasounds/Selection_002.png and Entry set to Selection_002.png"
time=2023-09-07T06:46:54.225-07:00 level=DEBUG msg="GetFiles->walkFunc(): Performing case-incensitive check on the files extention"
time=2023-09-07T06:46:54.225-07:00 level=DEBUG msg="GetFiles->walkFunc(): file_name = Selection_002.png, file_ext = PNG, ext_checked = JPEG"
time=2023-09-07T06:46:54.225-07:00 level=DEBUG msg="GetFiles->walkFunc(): file_name = Selection_002.png, file_ext = PNG, ext_checked = JPG"
time=2023-09-07T06:46:54.225-07:00 level=DEBUG msg="GetFiles->walkFunc(): file_name = Selection_002.png, file_ext = PNG, ext_checked = PNG"
time=2023-09-07T06:46:54.225-07:00 level=INFO msg="GetFiles->walkFunc(): file extention Selection_002.png MATCH with ext PNG. Adding image to array"
time=2023-09-07T06:46:54.225-07:00 level=DEBUG msg="GetFiles->walkFunc(): Path set to /home/delane/Pictures/Test/public/prebirth/ultrasounds/Selection_003.png and Entry set to Selection_003.png"
time=2023-09-07T06:46:54.225-07:00 level=DEBUG msg="GetFiles->walkFunc(): Performing case-incensitive check on the files extention"
time=2023-09-07T06:46:54.225-07:00 level=DEBUG msg="GetFiles->walkFunc(): file_name = Selection_003.png, file_ext = PNG, ext_checked = JPEG"
time=2023-09-07T06:46:54.225-07:00 level=DEBUG msg="GetFiles->walkFunc(): file_name = Selection_003.png, file_ext = PNG, ext_checked = JPG"
time=2023-09-07T06:46:54.225-07:00 level=DEBUG msg="GetFiles->walkFunc(): file_name = Selection_003.png, file_ext = PNG, ext_checked = PNG"
time=2023-09-07T06:46:54.225-07:00 level=INFO msg="GetFiles->walkFunc(): file extention Selection_003.png MATCH with ext PNG. Adding image to array"
time=2023-09-07T06:46:54.225-07:00 level=DEBUG msg="GetFiles->walkFunc(): Path set to /home/delane/Pictures/Test/public/prebirth/ultrasounds/dontlook and Entry set to dontlook"
time=2023-09-07T06:46:54.225-07:00 level=DEBUG msg="GetFiles->walkFunc(): Directory dontlook is valid"
time=2023-09-07T06:46:54.225-07:00 level=DEBUG msg="GetFiles->walkFunc(): Path set to /home/delane/Pictures/Test/public/prebirth/ultrasounds/dontlook/DepthOfField.png and Entry set to DepthOfField.png"
time=2023-09-07T06:46:54.225-07:00 level=DEBUG msg="GetFiles->walkFunc(): Performing case-incensitive check on the files extention"
time=2023-09-07T06:46:54.225-07:00 level=DEBUG msg="GetFiles->walkFunc(): file_name = DepthOfField.png, file_ext = PNG, ext_checked = JPEG"
time=2023-09-07T06:46:54.225-07:00 level=DEBUG msg="GetFiles->walkFunc(): file_name = DepthOfField.png, file_ext = PNG, ext_checked = JPG"
time=2023-09-07T06:46:54.225-07:00 level=DEBUG msg="GetFiles->walkFunc(): file_name = DepthOfField.png, file_ext = PNG, ext_checked = PNG"
time=2023-09-07T06:46:54.225-07:00 level=INFO msg="GetFiles->walkFunc(): file extention DepthOfField.png MATCH with ext PNG. Adding image to array"
time=2023-09-07T06:46:54.225-07:00 level=DEBUG msg="GetUltraSounds(): Files == [{http://localhost:1323/api/v1/public/ultrasounds/Selection_002.png Selection_002.png } {http://localhost:1323/api/v1/public/ultrasounds/Selection_003.png Selection_003.png } {http://localhost:1323/api/v1/public/ultrasounds/DepthOfField.png DepthOfField.png }]"
time=2023-09-07T06:46:54.647-07:00 level=INFO msg="GetUltrasoundImage(): Called"
time=2023-09-07T06:46:54.647-07:00 level=INFO msg="GetUltrasoundImage(): Checking image /home/delane/Pictures/Test/public/prebirth/ultrasounds/DepthOfField.png"
time=2023-09-07T06:46:54.647-07:00 level=WARN msg="GetUltrasoundImage(): Image /home/delane/Pictures/Test/public/prebirth/ultrasounds/DepthOfField.png doesn't exist"
time=2023-09-07T08:39:22.745-07:00 level=INFO msg="-------------------- STARTING --------------------"
time=2023-09-07T08:39:33.138-07:00 level=INFO msg="GetUltrasounds(): Called"
time=2023-09-07T08:39:33.138-07:00 level=INFO msg="GetFiles(): CALLED..."
time=2023-09-07T08:39:33.138-07:00 level=INFO msg="GetFiles(): Request URI: /api/v1/public/ultrasounds/, Endpoing requested: ultrasounds, Matching folder: ultrasounds"
time=2023-09-07T08:39:33.138-07:00 level=DEBUG msg="GetFiles->walkFunc(): Path set to /home/delane/Pictures/Test/public/prebirth/ultrasounds/ and Entry set to ultrasounds"
time=2023-09-07T08:39:33.138-07:00 level=DEBUG msg="GetFiles->walkFunc(): Directory ultrasounds is valid"
time=2023-09-07T08:39:33.138-07:00 level=DEBUG msg="GetFiles->walkFunc(): Path set to /home/delane/Pictures/Test/public/prebirth/ultrasounds/Selection_002.png and Entry set to Selection_002.png"
time=2023-09-07T08:39:33.138-07:00 level=DEBUG msg="GetFiles->walkFunc(): Performing case-incensitive check on the files extention"
time=2023-09-07T08:39:33.138-07:00 level=DEBUG msg="GetFiles->walkFunc(): file_name = Selection_002.png, file_ext = PNG, ext_checked = JPEG"
time=2023-09-07T08:39:33.138-07:00 level=DEBUG msg="GetFiles->walkFunc(): file_name = Selection_002.png, file_ext = PNG, ext_checked = JPG"
time=2023-09-07T08:39:33.138-07:00 level=DEBUG msg="GetFiles->walkFunc(): file_name = Selection_002.png, file_ext = PNG, ext_checked = PNG"
time=2023-09-07T08:39:33.138-07:00 level=INFO msg="GetFiles->walkFunc(): file extention Selection_002.png MATCH with ext PNG. Adding image to array"
time=2023-09-07T08:39:33.138-07:00 level=DEBUG msg="GetFiles->walkFunc(): Path set to /home/delane/Pictures/Test/public/prebirth/ultrasounds/Selection_003.png and Entry set to Selection_003.png"
time=2023-09-07T08:39:33.138-07:00 level=DEBUG msg="GetFiles->walkFunc(): Performing case-incensitive check on the files extention"
time=2023-09-07T08:39:33.138-07:00 level=DEBUG msg="GetFiles->walkFunc(): file_name = Selection_003.png, file_ext = PNG, ext_checked = JPEG"
time=2023-09-07T08:39:33.138-07:00 level=DEBUG msg="GetFiles->walkFunc(): file_name = Selection_003.png, file_ext = PNG, ext_checked = JPG"
time=2023-09-07T08:39:33.138-07:00 level=DEBUG msg="GetFiles->walkFunc(): file_name = Selection_003.png, file_ext = PNG, ext_checked = PNG"
time=2023-09-07T08:39:33.138-07:00 level=INFO msg="GetFiles->walkFunc(): file extention Selection_003.png MATCH with ext PNG. Adding image to array"
time=2023-09-07T08:39:33.138-07:00 level=DEBUG msg="GetFiles->walkFunc(): Path set to /home/delane/Pictures/Test/public/prebirth/ultrasounds/dontlook and Entry set to dontlook"
time=2023-09-07T08:39:33.138-07:00 level=INFO msg="GetFiles->walkFunc(): dontlook is a Directory - skipping..."
time=2023-09-07T08:39:33.138-07:00 level=DEBUG msg="GetUltraSounds(): Files == [{http://localhost:1323/api/v1/public/ultrasounds/Selection_002.png Selection_002.png } {http://localhost:1323/api/v1/public/ultrasounds/Selection_003.png Selection_003.png }]"
time=2023-09-07T09:02:11.234-07:00 level=INFO msg="-------------------- STARTING --------------------"
time=2023-09-07T09:03:26.810-07:00 level=INFO msg="GetUltrasounds(): Called"
time=2023-09-07T09:03:26.810-07:00 level=INFO msg="GetFiles(): CALLED..."
time=2023-09-07T09:03:26.810-07:00 level=INFO msg="GetFiles(): Request URI: /api/v1/public/ultrasounds/, Endpoing requested: ultrasounds, Matching folder: ultrasounds"
time=2023-09-07T09:03:26.810-07:00 level=DEBUG msg="GetFiles->walkFunc(): Path set to /media/public/prebirth/ultrasounds/ and Entry set to ultrasounds"
time=2023-09-07T09:03:26.810-07:00 level=DEBUG msg="GetFiles->walkFunc(): Directory ultrasounds is valid"
time=2023-09-07T09:03:26.810-07:00 level=DEBUG msg="GetFiles->walkFunc(): Path set to /media/public/prebirth/ultrasounds/Selection_002.png and Entry set to Selection_002.png"
time=2023-09-07T09:03:26.810-07:00 level=DEBUG msg="GetFiles->walkFunc(): Performing case-incensitive check on the files extention"
time=2023-09-07T09:03:26.810-07:00 level=DEBUG msg="GetFiles->walkFunc(): file_name = Selection_002.png, file_ext = PNG, ext_checked = JPEG"
time=2023-09-07T09:03:26.810-07:00 level=DEBUG msg="GetFiles->walkFunc(): file_name = Selection_002.png, file_ext = PNG, ext_checked = JPG"
time=2023-09-07T09:03:26.810-07:00 level=DEBUG msg="GetFiles->walkFunc(): file_name = Selection_002.png, file_ext = PNG, ext_checked = PNG"
time=2023-09-07T09:03:26.810-07:00 level=INFO msg="GetFiles->walkFunc(): file extention Selection_002.png MATCH with ext PNG. Adding image to array"
time=2023-09-07T09:03:26.810-07:00 level=DEBUG msg="GetFiles->walkFunc(): Path set to /media/public/prebirth/ultrasounds/Selection_003.png and Entry set to Selection_003.png"
time=2023-09-07T09:03:26.810-07:00 level=DEBUG msg="GetFiles->walkFunc(): Performing case-incensitive check on the files extention"
time=2023-09-07T09:03:26.810-07:00 level=DEBUG msg="GetFiles->walkFunc(): file_name = Selection_003.png, file_ext = PNG, ext_checked = JPEG"
time=2023-09-07T09:03:26.810-07:00 level=DEBUG msg="GetFiles->walkFunc(): file_name = Selection_003.png, file_ext = PNG, ext_checked = JPG"
time=2023-09-07T09:03:26.810-07:00 level=DEBUG msg="GetFiles->walkFunc(): file_name = Selection_003.png, file_ext = PNG, ext_checked = PNG"
time=2023-09-07T09:03:26.810-07:00 level=INFO msg="GetFiles->walkFunc(): file extention Selection_003.png MATCH with ext PNG. Adding image to array"
time=2023-09-07T09:03:26.810-07:00 level=DEBUG msg="GetFiles->walkFunc(): Path set to /media/public/prebirth/ultrasounds/dontlook and Entry set to dontlook"
time=2023-09-07T09:03:26.810-07:00 level=INFO msg="GetFiles->walkFunc(): dontlook is a Directory - skipping..."
time=2023-09-07T09:03:26.810-07:00 level=DEBUG msg="GetUltraSounds(): Files == [{http://localhost:1323/api/v1/public/ultrasounds/Selection_002.png Selection_002.png } {http://localhost:1323/api/v1/public/ultrasounds/Selection_003.png Selection_003.png }]"
